                :-) GROMACS - gmx mdrun, 2022.5-plumed_2.9.3 (-:

Copyright 1991-2022 The GROMACS Authors.
GROMACS is free software; you can redistribute it and/or modify it
under the terms of the GNU Lesser General Public License
as published by the Free Software Foundation; either version 2.1
of the License, or (at your option) any later version.

                         Current GROMACS contributors:
       Mark Abraham           Andrey Alekseenko           Cathrine Bergh      
      Christian Blau            Eliane Briand               Kevin Boyd        
     Oliver Fleetwood         Stefan Fleischmann           Vytas Gapsys       
       Gaurav Garg           Gilles Gouaillardet            Alan Gray         
      Victor Holanda           M. Eric Irrgang              Joe Jordan        
    Christoph Junghans        Prashanth Kanduri           Sebastian Kehl      
     Sebastian Keller          Carsten Kutzner           Magnus Lundborg      
       Pascal Merz              Dmitry Morozov             Szilard Pall       
      Roland Schulz             Michael Shirts         David van der Spoel    
     Alessandra Villa      Sebastian Wingbermuehle        Artem Zhmurov       

                         Previous GROMACS contributors:
        Emile Apol             Rossen Apostolov           James Barnett       
  Herman J.C. Berendsen          Par Bjelkmar           Viacheslav Bolnykh    
    Aldert van Buuren          Carlo Camilloni           Rudi van Drunen      
      Anton Feenstra           Gerrit Groenhof            Bert de Groot       
      Anca Hamuraru           Vincent Hindriksen         Aleksei Iupinov      
   Dimitrios Karkoulis           Peter Kasson               Jiri Kraus        
       Per Larsson             Justin A. Lemkul           Viveca Lindahl      
      Erik Marklund           Pieter Meulenhoff           Vedran Miletic      
      Teemu Murtola              Sander Pronk            Alexey Shvetsov      
      Alfons Sijbers            Peter Tieleman             Jon Vincent        
     Teemu Virolainen         Christian Wennberg           Maarten Wolf       

                  Coordinated by the GROMACS project leaders:
                    Paul Bauer, Berk Hess, and Erik Lindahl

GROMACS:      gmx mdrun, version 2022.5-plumed_2.9.3
Executable:   /usr/local/gromacs/bin/gmx
Data prefix:  /usr/local/gromacs
Working dir:  /Users/eline/Documents/Projects/Bayesian_Optimization/Code_for_github/1_Alanine_Dipeptide/Bayesian_Quadrature
Process ID:   88186
Command line:
  gmx mdrun -s simulations_essentials/md.tpr -plumed Colvars/plumed_2.011_-1.948.dat -nsteps 100000 -x Colvars/traj_2.011_-1.948.xtc

GROMACS version:    2022.5-plumed_2.9.3
Precision:          mixed
Memory model:       64 bit
MPI library:        thread_mpi
OpenMP support:     disabled
GPU support:        disabled
SIMD instructions:  ARM_NEON_ASIMD
CPU FFT library:    fftw-3.3.8
GPU FFT library:    none
TNG support:        enabled
Hwloc support:      disabled
Tracing support:    disabled
C compiler:         /Library/Developer/CommandLineTools/usr/bin/cc AppleClang 16.0.0.16000026
C compiler flags:   -Wno-unknown-pragmas -Wno-missing-field-initializers -fno-stack-check -fno-stack-check -O3 -DNDEBUG
C++ compiler:       /Library/Developer/CommandLineTools/usr/bin/c++ AppleClang 16.0.0.16000026
C++ compiler flags: -Wno-unknown-pragmas -Wno-reserved-identifier -Wno-missing-field-initializers -fno-stack-check -fno-stack-check -Weverything -Wno-c++98-compat -Wno-c++98-compat-pedantic -Wno-source-uses-openmp -Wno-c++17-extensions -Wno-documentation-unknown-command -Wno-covered-switch-default -Wno-switch-enum -Wno-extra-semi-stmt -Wno-weak-vtables -Wno-shadow -Wno-padded -Wno-reserved-id-macro -Wno-double-promotion -Wno-exit-time-destructors -Wno-global-constructors -Wno-documentation -Wno-format-nonliteral -Wno-used-but-marked-unused -Wno-float-equal -Wno-conditional-uninitialized -Wno-conversion -Wno-disabled-macro-expansion -Wno-unused-macros -O3 -DNDEBUG


Running on 1 node with total 0 processing units
Hardware detected:
  CPU info:
    Vendor: ARM
    Brand:  Unknown CPU brand
    Family: 0   Model: 0   Stepping: 0
    Features: neon neon_asimd
  Hardware topology: Only logical processor count
    CPU limit set by OS: -1   Recommended max number of threads: 12


++++ PLEASE READ AND CITE THE FOLLOWING REFERENCE ++++
M. J. Abraham, T. Murtola, R. Schulz, S. Páll, J. C. Smith, B. Hess, E.
Lindahl
GROMACS: High performance molecular simulations through multi-level
parallelism from laptops to supercomputers
SoftwareX 1 (2015) pp. 19-25
-------- -------- --- Thank You --- -------- --------


++++ PLEASE READ AND CITE THE FOLLOWING REFERENCE ++++
S. Páll, M. J. Abraham, C. Kutzner, B. Hess, E. Lindahl
Tackling Exascale Software Challenges in Molecular Dynamics Simulations with
GROMACS
In S. Markidis & E. Laure (Eds.), Solving Software Challenges for Exascale 8759 (2015) pp. 3-27
-------- -------- --- Thank You --- -------- --------


++++ PLEASE READ AND CITE THE FOLLOWING REFERENCE ++++
S. Pronk, S. Páll, R. Schulz, P. Larsson, P. Bjelkmar, R. Apostolov, M. R.
Shirts, J. C. Smith, P. M. Kasson, D. van der Spoel, B. Hess, and E. Lindahl
GROMACS 4.5: a high-throughput and highly parallel open source molecular
simulation toolkit
Bioinformatics 29 (2013) pp. 845-54
-------- -------- --- Thank You --- -------- --------


++++ PLEASE READ AND CITE THE FOLLOWING REFERENCE ++++
B. Hess and C. Kutzner and D. van der Spoel and E. Lindahl
GROMACS 4: Algorithms for highly efficient, load-balanced, and scalable
molecular simulation
J. Chem. Theory Comput. 4 (2008) pp. 435-447
-------- -------- --- Thank You --- -------- --------


++++ PLEASE READ AND CITE THE FOLLOWING REFERENCE ++++
D. van der Spoel, E. Lindahl, B. Hess, G. Groenhof, A. E. Mark and H. J. C.
Berendsen
GROMACS: Fast, Flexible and Free
J. Comp. Chem. 26 (2005) pp. 1701-1719
-------- -------- --- Thank You --- -------- --------


++++ PLEASE READ AND CITE THE FOLLOWING REFERENCE ++++
E. Lindahl and B. Hess and D. van der Spoel
GROMACS 3.0: A package for molecular simulation and trajectory analysis
J. Mol. Mod. 7 (2001) pp. 306-317
-------- -------- --- Thank You --- -------- --------


++++ PLEASE READ AND CITE THE FOLLOWING REFERENCE ++++
H. J. C. Berendsen, D. van der Spoel and R. van Drunen
GROMACS: A message-passing parallel molecular dynamics implementation
Comp. Phys. Comm. 91 (1995) pp. 43-56
-------- -------- --- Thank You --- -------- --------

Input Parameters:
   integrator                     = md
   tinit                          = 0
   dt                             = 0.002
   nsteps                         = 2500000
   init-step                      = 0
   simulation-part                = 1
   mts                            = false
   comm-mode                      = Angular
   nstcomm                        = 1000
   bd-fric                        = 0
   ld-seed                        = -621281281
   emtol                          = 10
   emstep                         = 0.01
   niter                          = 20
   fcstep                         = 0
   nstcgsteep                     = 1000
   nbfgscorr                      = 10
   rtpi                           = 0.05
   nstxout                        = 5000
   nstvout                        = 5000
   nstfout                        = 5000
   nstlog                         = 5000
   nstcalcenergy                  = 100
   nstenergy                      = 5000
   nstxout-compressed             = 1000
   compressed-x-precision         = 1000
   cutoff-scheme                  = Verlet
   nstlist                        = 1
   pbc                            = xyz
   periodic-molecules             = false
   verlet-buffer-tolerance        = 0.005
   rlist                          = 1
   coulombtype                    = PME
   coulomb-modifier               = Potential-shift
   rcoulomb-switch                = 0
   rcoulomb                       = 1
   epsilon-r                      = 1
   epsilon-rf                     = inf
   vdw-type                       = Cut-off
   vdw-modifier                   = Potential-shift
   rvdw-switch                    = 0
   rvdw                           = 1
   DispCorr                       = No
   table-extension                = 1
   fourierspacing                 = 0.12
   fourier-nx                     = 24
   fourier-ny                     = 24
   fourier-nz                     = 24
   pme-order                      = 4
   ewald-rtol                     = 1e-05
   ewald-rtol-lj                  = 0.001
   lj-pme-comb-rule               = Geometric
   ewald-geometry                 = 3d
   epsilon-surface                = 0
   tcoupl                         = V-rescale
   nsttcouple                     = 10
   nh-chain-length                = 0
   print-nose-hoover-chain-variables = false
   pcoupl                         = No
   pcoupltype                     = Isotropic
   nstpcouple                     = -1
   tau-p                          = 1
   compressibility (3x3):
      compressibility[    0]={ 0.00000e+00,  0.00000e+00,  0.00000e+00}
      compressibility[    1]={ 0.00000e+00,  0.00000e+00,  0.00000e+00}
      compressibility[    2]={ 0.00000e+00,  0.00000e+00,  0.00000e+00}
   ref-p (3x3):
      ref-p[    0]={ 0.00000e+00,  0.00000e+00,  0.00000e+00}
      ref-p[    1]={ 0.00000e+00,  0.00000e+00,  0.00000e+00}
      ref-p[    2]={ 0.00000e+00,  0.00000e+00,  0.00000e+00}
   refcoord-scaling               = No
   posres-com (3):
      posres-com[0]= 0.00000e+00
      posres-com[1]= 0.00000e+00
      posres-com[2]= 0.00000e+00
   posres-comB (3):
      posres-comB[0]= 0.00000e+00
      posres-comB[1]= 0.00000e+00
      posres-comB[2]= 0.00000e+00
   QMMM                           = false
qm-opts:
   ngQM                           = 0
   constraint-algorithm           = Lincs
   continuation                   = false
   Shake-SOR                      = false
   shake-tol                      = 0.0001
   lincs-order                    = 4
   lincs-iter                     = 1
   lincs-warnangle                = 30
   nwall                          = 0
   wall-type                      = 9-3
   wall-r-linpot                  = -1
   wall-atomtype[0]               = -1
   wall-atomtype[1]               = -1
   wall-density[0]                = 0
   wall-density[1]                = 0
   wall-ewald-zfac                = 3
   pull                           = false
   awh                            = false
   rotation                       = false
   interactiveMD                  = false
   disre                          = No
   disre-weighting                = Conservative
   disre-mixed                    = false
   dr-fc                          = 1000
   dr-tau                         = 0
   nstdisreout                    = 100
   orire-fc                       = 0
   orire-tau                      = 0
   nstorireout                    = 100
   free-energy                    = no
   cos-acceleration               = 0
   deform (3x3):
      deform[    0]={ 0.00000e+00,  0.00000e+00,  0.00000e+00}
      deform[    1]={ 0.00000e+00,  0.00000e+00,  0.00000e+00}
      deform[    2]={ 0.00000e+00,  0.00000e+00,  0.00000e+00}
   simulated-tempering            = false
   swapcoords                     = no
   userint1                       = 0
   userint2                       = 0
   userint3                       = 0
   userint4                       = 0
   userreal1                      = 0
   userreal2                      = 0
   userreal3                      = 0
   userreal4                      = 0
   applied-forces:
     electric-field:
       x:
         E0                       = 0
         omega                    = 0
         t0                       = 0
         sigma                    = 0
       y:
         E0                       = 0
         omega                    = 0
         t0                       = 0
         sigma                    = 0
       z:
         E0                       = 0
         omega                    = 0
         t0                       = 0
         sigma                    = 0
     density-guided-simulation:
       active                     = false
       group                      = protein
       similarity-measure         = inner-product
       atom-spreading-weight      = unity
       force-constant             = 1e+09
       gaussian-transform-spreading-width = 0.2
       gaussian-transform-spreading-range-in-multiples-of-width = 4
       reference-density-filename = reference.mrc
       nst                        = 1
       normalize-densities        = true
       adaptive-force-scaling     = false
       adaptive-force-scaling-time-constant = 4
       shift-vector               = 
       transformation-matrix      = 
     qmmm-cp2k:
       active                     = false
       qmgroup                    = System
       qmmethod                   = PBE
       qmfilenames                = 
       qmcharge                   = 0
       qmmultiplicity             = 1
grpopts:
   nrdf:          48
   ref-t:         300
   tau-t:         0.1
annealing:          No
annealing-npoints:           0
   acc:	           0           0           0
   nfreeze:           N           N           N
   energygrp-flags[  0]: 0

The -nsteps functionality is deprecated, and may be removed in a future version. Consider using gmx convert-tpr -nsteps or changing the appropriate .mdp file field.

Overriding nsteps with value passed on the command line: 100000 steps, 200 ps

Initializing Domain Decomposition on 1 ranks
Dynamic load balancing: auto
Using update groups, nr 10, average size 2.2 atoms, max. radius 0.104 nm
Minimum cell size due to atom displacement: 0.004 nm
Initial maximum distances in bonded interactions:
    two-body bonded interactions: 0.383 nm, LJ-14, atoms 9 19
  multi-body bonded interactions: 0.383 nm, Proper Dih., atoms 9 19
Minimum cell size due to bonded interactions: 0.421 nm
Using 0 separate PME ranks because: there are too few total ranks for efficient splitting
Optimizing the DD grid for 1 cells with a minimum initial size of 0.421 nm
The maximum allowed number of cells is: X 6 Y 6 Z 6
Domain decomposition grid 1 x 1 x 1, separate PME ranks 0
PME domain decomposition: 1 x 1 x 1
comm-mode angular will give incorrect results when the comm group partially crosses a periodic boundary

The initial number of communication pulses is:
The initial domain decomposition cell size is:

The maximum allowed distance for atom groups involved in interactions is:
                 non-bonded interactions           1.208 nm
            two-body bonded interactions  (-rdd)   1.208 nm
          multi-body bonded interactions  (-rdd)   1.208 nm

When dynamic load balancing gets turned on, these settings will change to:
The maximum number of communication pulses is:
The minimum size for domain decomposition cells is 1.208 nm
The requested allowed shrink of DD cells (option -dds) is: 0.80
The allowed shrink of domain decomposition cells is:
The maximum allowed distance for atom groups involved in interactions is:
                 non-bonded interactions           1.208 nm
            two-body bonded interactions  (-rdd)   1.208 nm
          multi-body bonded interactions  (-rdd)   1.208 nm

Using 1 MPI thread
System total charge: -0.000
Will do PME sum in reciprocal space for electrostatic interactions.

++++ PLEASE READ AND CITE THE FOLLOWING REFERENCE ++++
U. Essmann, L. Perera, M. L. Berkowitz, T. Darden, H. Lee and L. G. Pedersen 
A smooth particle mesh Ewald method
J. Chem. Phys. 103 (1995) pp. 8577-8592
-------- -------- --- Thank You --- -------- --------

Using a Gaussian width (1/beta) of 0.320163 nm for Ewald
Potential shift: LJ r^-12: -1.000e+00 r^-6: -1.000e+00, Ewald -1.000e-05
Initialized non-bonded Coulomb Ewald tables, spacing: 9.33e-04 size: 1073

Generated table with 1000 data points for 1-4 COUL.
Tabscale = 500 points/nm
Generated table with 1000 data points for 1-4 LJ6.
Tabscale = 500 points/nm
Generated table with 1000 data points for 1-4 LJ12.
Tabscale = 500 points/nm


Using SIMD 4x4 nonbonded short-range kernels

Using a 4x4 pair-list setup:
  updated every 1 steps, buffer 0.000 nm, rlist 1.000 nm
At tolerance 0.005 kJ/mol/ps per atom, equivalent classical 1x1 list would be:
  updated every 1 steps, buffer 0.000 nm, rlist 1.000 nm

Using Lorentz-Berthelot Lennard-Jones combination rule
Removing pbc first time

Linking all bonded interactions to atoms


Initializing LINear Constraint Solver

++++ PLEASE READ AND CITE THE FOLLOWING REFERENCE ++++
B. Hess and H. Bekker and H. J. C. Berendsen and J. G. E. M. Fraaije
LINCS: A Linear Constraint Solver for molecular simulations
J. Comp. Chem. 18 (1997) pp. 1463-1472
-------- -------- --- Thank You --- -------- --------

The number of constraints is 12

++++ PLEASE READ AND CITE THE FOLLOWING REFERENCE ++++
G. Bussi, D. Donadio and M. Parrinello
Canonical sampling through velocity rescaling
J. Chem. Phys. 126 (2007) pp. 014101
-------- -------- --- Thank You --- -------- --------

There are: 22 Atoms

Atom distribution over 1 domains: av 22 stddev 0 min 22 max 22

Constraining the starting coordinates (step 0)

Constraining the coordinates at t0-dt (step 0)
Center of mass motion removal mode is Angular
We have the following groups for center of mass motion removal:
  0:  rest
RMS relative constraint deviation after constraining: 3.14e-06
Initial temperature: 370.615 K

PLUMED: PLUMED is starting
PLUMED: Version: 2.9.3 (git: 0022779c1) compiled on Feb 17 2025 at 14:58:52
PLUMED: Please cite these papers when using PLUMED [1][2]
PLUMED: For further information see the PLUMED web page at http://www.plumed.org
PLUMED: Root: /usr/local/lib/plumed
PLUMED: For installed feature, see /usr/local/lib/plumed/src/config/config.txt
PLUMED: Molecular dynamics engine: gromacs
PLUMED: Precision of reals: 4
PLUMED: Running over 1 node
PLUMED: Number of threads: 1
PLUMED: Cache line size: 512
PLUMED: Number of atoms: 22
PLUMED: File suffix: 
PLUMED: FILE: Colvars/plumed_2.011_-1.948.dat
PLUMED: Action MOLINFO
PLUMED:   with label @0
PLUMED:   pdb file named simulations_essentials/diala.pdb contains 1 chains 
PLUMED:   chain named   contains residues 1 to 3 and atoms 1 to 22 
PLUMED: Action UNITS
PLUMED:   with label @1
PLUMED:   length: A = 0.1 nm
PLUMED:   energy: kcal/mol = 4.184 kj/mol
PLUMED:   time: ps
PLUMED:   charge: e
PLUMED:   mass: amu
PLUMED:   using physical units
PLUMED:   inside PLUMED, Boltzmann constant is 0.0019872
PLUMED: Action TORSION
PLUMED:   with label phi
PLUMED:   between atoms 5 7 9 15
PLUMED:   using periodic boundary conditions
PLUMED: Action TORSION
PLUMED:   with label psi
PLUMED:   between atoms 7 9 15 17
PLUMED:   using periodic boundary conditions
PLUMED: Action MATHEVAL
PLUMED:   with label cos_phi
PLUMED:   with arguments phi
PLUMED:   with function : cos(x)
PLUMED:   with variables : x
PLUMED:   function as parsed by lepton: cos(x)
PLUMED:   derivatives as computed by lepton:
PLUMED:     -(sin(x))
PLUMED: Action MATHEVAL
PLUMED:   with label sin_phi
PLUMED:   with arguments phi
PLUMED:   with function : sin(x)
PLUMED:   with variables : x
PLUMED:   function as parsed by lepton: sin(x)
PLUMED:   derivatives as computed by lepton:
PLUMED:     cos(x)
PLUMED: Action MATHEVAL
PLUMED:   with label cos_psi
PLUMED:   with arguments psi
PLUMED:   with function : cos(x)
PLUMED:   with variables : x
PLUMED:   function as parsed by lepton: cos(x)
PLUMED:   derivatives as computed by lepton:
PLUMED:     -(sin(x))
PLUMED: Action MATHEVAL
PLUMED:   with label sin_psi
PLUMED:   with arguments psi
PLUMED:   with function : sin(x)
PLUMED:   with variables : x
PLUMED:   function as parsed by lepton: sin(x)
PLUMED:   derivatives as computed by lepton:
PLUMED:     cos(x)
PLUMED: Action MOVINGRESTRAINT
PLUMED:   with label restraint_phi_cos
PLUMED:   with arguments cos_phi
PLUMED:   added component to this action:  restraint_phi_cos.bias 
PLUMED:   step0 500
PLUMED:   at -0.009747
PLUMED:   with force constant 0.000000
PLUMED:   step1 1500
PLUMED:   at -0.009747
PLUMED:   with force constant 200.000000
PLUMED:   step2 5091
PLUMED:   at -0.425779
PLUMED:   with force constant 200.000000
PLUMED:   added component to this action:  restraint_phi_cos.force2 
PLUMED:   added component to this action:  restraint_phi_cos.cos_phi_cntr 
PLUMED:   added component to this action:  restraint_phi_cos.cos_phi_work 
PLUMED:   added component to this action:  restraint_phi_cos.cos_phi_kappa 
PLUMED:   added component to this action:  restraint_phi_cos.work 
PLUMED:   Bibliography [3]
PLUMED: Action MOVINGRESTRAINT
PLUMED:   with label restraint_phi_sin
PLUMED:   with arguments sin_phi
PLUMED:   added component to this action:  restraint_phi_sin.bias 
PLUMED:   step0 500
PLUMED:   at -0.999953
PLUMED:   with force constant 0.000000
PLUMED:   step1 1500
PLUMED:   at -0.999953
PLUMED:   with force constant 200.000000
PLUMED:   step2 5091
PLUMED:   at 0.904827
PLUMED:   with force constant 200.000000
PLUMED:   added component to this action:  restraint_phi_sin.force2 
PLUMED:   added component to this action:  restraint_phi_sin.sin_phi_cntr 
PLUMED:   added component to this action:  restraint_phi_sin.sin_phi_work 
PLUMED:   added component to this action:  restraint_phi_sin.sin_phi_kappa 
PLUMED:   added component to this action:  restraint_phi_sin.work 
PLUMED:   Bibliography [3]
PLUMED: Action MOVINGRESTRAINT
PLUMED:   with label restraint_psi_cos
PLUMED:   with arguments cos_psi
PLUMED:   added component to this action:  restraint_psi_cos.bias 
PLUMED:   step0 500
PLUMED:   at 0.256142
PLUMED:   with force constant 0.000000
PLUMED:   step1 1500
PLUMED:   at 0.256142
PLUMED:   with force constant 200.000000
PLUMED:   step2 4759
PLUMED:   at -0.368125
PLUMED:   with force constant 200.000000
PLUMED:   added component to this action:  restraint_psi_cos.force2 
PLUMED:   added component to this action:  restraint_psi_cos.cos_psi_cntr 
PLUMED:   added component to this action:  restraint_psi_cos.cos_psi_work 
PLUMED:   added component to this action:  restraint_psi_cos.cos_psi_kappa 
PLUMED:   added component to this action:  restraint_psi_cos.work 
PLUMED:   Bibliography [3]
PLUMED: Action MOVINGRESTRAINT
PLUMED:   with label restraint_psi_sin
PLUMED:   with arguments sin_psi
PLUMED:   added component to this action:  restraint_psi_sin.bias 
PLUMED:   step0 500
PLUMED:   at 0.966639
PLUMED:   with force constant 0.000000
PLUMED:   step1 1500
PLUMED:   at 0.966639
PLUMED:   with force constant 200.000000
PLUMED:   step2 4759
PLUMED:   at -0.929776
PLUMED:   with force constant 200.000000
PLUMED:   added component to this action:  restraint_psi_sin.force2 
PLUMED:   added component to this action:  restraint_psi_sin.sin_psi_cntr 
PLUMED:   added component to this action:  restraint_psi_sin.sin_psi_work 
PLUMED:   added component to this action:  restraint_psi_sin.sin_psi_kappa 
PLUMED:   added component to this action:  restraint_psi_sin.work 
PLUMED:   Bibliography [3]
PLUMED: Action PRINT
PLUMED:   with label @12
PLUMED:   with stride 100
PLUMED:   with arguments sin_phi cos_phi sin_psi cos_psi phi psi cos_phi sin_phi cos_psi sin_psi restraint_phi_cos.bias restraint_phi_cos.force2 restraint_phi_cos.cos_phi_cntr restraint_phi_cos.cos_phi_work restraint_phi_cos.cos_phi_kappa restraint_phi_cos.work restraint_phi_sin.bias restraint_phi_sin.force2 restraint_phi_sin.sin_phi_cntr restraint_phi_sin.sin_phi_work restraint_phi_sin.sin_phi_kappa restraint_phi_sin.work restraint_psi_cos.bias restraint_psi_cos.force2 restraint_psi_cos.cos_psi_cntr restraint_psi_cos.cos_psi_work restraint_psi_cos.cos_psi_kappa restraint_psi_cos.work restraint_psi_sin.bias restraint_psi_sin.force2 restraint_psi_sin.sin_psi_cntr restraint_psi_sin.sin_psi_work restraint_psi_sin.sin_psi_kappa restraint_psi_sin.work
PLUMED:   on file Colvars/COLVAR_2.011_-1.948
PLUMED:   with format  %f
PLUMED: END FILE: Colvars/plumed_2.011_-1.948.dat
PLUMED: Timestep: 0.002000
PLUMED: KbT: 0.596161
PLUMED: Relevant bibliography:
PLUMED:   [1] The PLUMED consortium, Nat. Methods 16, 670 (2019)
PLUMED:   [2] Tribello, Bonomi, Branduardi, Camilloni, and Bussi, Comput. Phys. Commun. 185, 604 (2014)
PLUMED:   [3] Grubmuller, Heymann, and Tavan, Science 271, 997 (1996)
PLUMED: Please read and cite where appropriate!
PLUMED: Finished setup
Started mdrun on rank 0 Mon Oct 13 17:32:49 2025

           Step           Time
              0        0.00000

   Energies (kJ/mol)
           Bond          Angle    Proper Dih. Per. Imp. Dih.          LJ-14
    2.18949e+01    2.24456e+01    5.77743e+01    3.58470e+00    1.63942e+01
     Coulomb-14        LJ (SR)   Coulomb (SR)   Coul. recip.      Potential
    2.03392e+02   -5.99568e+00   -3.61547e+02    8.66107e+00   -3.33958e+01
    Kinetic En.   Total Energy  Conserved En.    Temperature Pressure (bar)
    7.80879e+01    4.46921e+01    4.46921e+01    3.91325e+02    2.98349e+02
   Constr. rmsd
    5.11209e-06

           Step           Time
           5000       10.00000

   Energies (kJ/mol)
           Bond          Angle    Proper Dih. Per. Imp. Dih.          LJ-14
    1.65797e+01    6.23824e+01    8.27085e+01    1.81250e+00    1.20043e+01
     Coulomb-14        LJ (SR)   Coulomb (SR)   Coul. recip.      Potential
    1.75167e+02    5.48823e+00   -3.19805e+02    1.04393e+01    4.67768e+01
    Kinetic En.   Total Energy  Conserved En.    Temperature Pressure (bar)
    6.15650e+01    1.08342e+02    1.31117e+02    3.08524e+02   -9.97311e+01
   Constr. rmsd
    4.75457e-06

           Step           Time
          10000       20.00000

   Energies (kJ/mol)
           Bond          Angle    Proper Dih. Per. Imp. Dih.          LJ-14
    1.59972e+01    6.71397e+01    7.56609e+01    6.74694e-01    8.86192e+00
     Coulomb-14        LJ (SR)   Coulomb (SR)   Coul. recip.      Potential
    1.85380e+02    2.66146e+00   -3.18863e+02    1.12337e+01    4.87464e+01
    Kinetic En.   Total Energy  Conserved En.    Temperature Pressure (bar)
    7.49097e+01    1.23656e+02    1.36453e+02    3.75399e+02   -1.68099e+02
   Constr. rmsd
    2.35690e-06

           Step           Time
          15000       30.00000

   Energies (kJ/mol)
           Bond          Angle    Proper Dih. Per. Imp. Dih.          LJ-14
    1.71444e+01    7.20543e+01    7.89779e+01    3.38231e+00    1.30715e+01
     Coulomb-14        LJ (SR)   Coulomb (SR)   Coul. recip.      Potential
    1.79774e+02    2.10700e+00   -3.22739e+02    9.78936e+00    5.35609e+01
    Kinetic En.   Total Energy  Conserved En.    Temperature Pressure (bar)
    5.94615e+01    1.13022e+02    1.41589e+02    2.97982e+02    3.90669e+01
   Constr. rmsd
    3.63372e-06

           Step           Time
          20000       40.00000

   Energies (kJ/mol)
           Bond          Angle    Proper Dih. Per. Imp. Dih.          LJ-14
    1.99522e+01    4.02368e+01    7.95167e+01    2.39693e+00    1.45002e+01
     Coulomb-14        LJ (SR)   Coulomb (SR)   Coul. recip.      Potential
    1.86897e+02    4.30542e+00   -3.30486e+02    9.64797e+00    2.69677e+01
    Kinetic En.   Total Energy  Conserved En.    Temperature Pressure (bar)
    6.79417e+01    9.49094e+01    1.48902e+02    3.40479e+02   -1.91613e+02
   Constr. rmsd
    4.50091e-06

           Step           Time
          25000       50.00000

   Energies (kJ/mol)
           Bond          Angle    Proper Dih. Per. Imp. Dih.          LJ-14
    6.88615e+00    5.06359e+01    7.09233e+01    6.26312e-01    1.16608e+01
     Coulomb-14        LJ (SR)   Coulomb (SR)   Coul. recip.      Potential
    1.81874e+02    3.34904e+00   -3.25095e+02    9.97143e+00    1.08325e+01
    Kinetic En.   Total Energy  Conserved En.    Temperature Pressure (bar)
    4.82743e+01    5.91068e+01    1.58306e+02    2.41919e+02    4.62961e+01
   Constr. rmsd
    1.90750e-06

           Step           Time
          30000       60.00000

   Energies (kJ/mol)
           Bond          Angle    Proper Dih. Per. Imp. Dih.          LJ-14
    1.89652e+01    4.97792e+01    8.64601e+01    1.18009e+00    1.51153e+01
     Coulomb-14        LJ (SR)   Coulomb (SR)   Coul. recip.      Potential
    1.83486e+02    1.16847e+01   -3.28762e+02    1.02797e+01    4.81882e+01
    Kinetic En.   Total Energy  Conserved En.    Temperature Pressure (bar)
    5.76159e+01    1.05804e+02    1.67147e+02    2.88733e+02    9.39781e+01
   Constr. rmsd
    1.83633e-06

           Step           Time
          35000       70.00000

   Energies (kJ/mol)
           Bond          Angle    Proper Dih. Per. Imp. Dih.          LJ-14
    6.45470e+00    5.99334e+01    8.54601e+01    3.69442e+00    1.09887e+01
     Coulomb-14        LJ (SR)   Coulomb (SR)   Coul. recip.      Potential
    1.94030e+02   -1.09469e+00   -3.37207e+02    1.11732e+01    3.34326e+01
    Kinetic En.   Total Energy  Conserved En.    Temperature Pressure (bar)
    5.64767e+01    8.99094e+01    1.71992e+02    2.83025e+02    1.05143e+02
   Constr. rmsd
    2.40145e-06

           Step           Time
          40000       80.00000

   Energies (kJ/mol)
           Bond          Angle    Proper Dih. Per. Imp. Dih.          LJ-14
    8.29839e+00    5.79275e+01    7.14286e+01    3.72997e+00    8.26034e+00
     Coulomb-14        LJ (SR)   Coulomb (SR)   Coul. recip.      Potential
    1.86582e+02   -3.34475e+00   -3.27583e+02    1.04857e+01    1.57852e+01
    Kinetic En.   Total Energy  Conserved En.    Temperature Pressure (bar)
    5.44250e+01    7.02102e+01    1.78779e+02    2.72743e+02   -6.46186e+01
   Constr. rmsd
    1.49972e-06

           Step           Time
          45000       90.00000

   Energies (kJ/mol)
           Bond          Angle    Proper Dih. Per. Imp. Dih.          LJ-14
    1.70539e+01    4.61646e+01    8.04219e+01    7.61502e-01    8.50772e+00
     Coulomb-14        LJ (SR)   Coulomb (SR)   Coul. recip.      Potential
    1.84933e+02   -1.77286e+00   -3.26676e+02    1.06147e+01    2.00082e+01
    Kinetic En.   Total Energy  Conserved En.    Temperature Pressure (bar)
    5.28610e+01    7.28692e+01    1.85793e+02    2.64905e+02    6.41406e+01
   Constr. rmsd
    2.22475e-06

           Step           Time
          50000      100.00000

   Energies (kJ/mol)
           Bond          Angle    Proper Dih. Per. Imp. Dih.          LJ-14
    9.86363e+00    6.04590e+01    7.66557e+01    1.51717e+00    9.99355e+00
     Coulomb-14        LJ (SR)   Coulomb (SR)   Coul. recip.      Potential
    1.80580e+02    4.13091e-01   -3.22213e+02    1.01612e+01    2.74301e+01
    Kinetic En.   Total Energy  Conserved En.    Temperature Pressure (bar)
    5.04754e+01    7.79055e+01    1.80755e+02    2.52950e+02   -7.59008e+01
   Constr. rmsd
    2.31002e-06

           Step           Time
          55000      110.00000

   Energies (kJ/mol)
           Bond          Angle    Proper Dih. Per. Imp. Dih.          LJ-14
    1.30913e+01    5.17864e+01    8.07695e+01    3.73669e+00    7.24549e+00
     Coulomb-14        LJ (SR)   Coulomb (SR)   Coul. recip.      Potential
    1.83954e+02    1.54900e+00   -3.21231e+02    1.04417e+01    3.13428e+01
    Kinetic En.   Total Energy  Conserved En.    Temperature Pressure (bar)
    4.32909e+01    7.46337e+01    1.91704e+02    2.16946e+02   -1.81716e+02
   Constr. rmsd
    7.80950e-07

           Step           Time
          60000      120.00000

   Energies (kJ/mol)
           Bond          Angle    Proper Dih. Per. Imp. Dih.          LJ-14
    1.41487e+01    6.00856e+01    7.60375e+01    8.83126e-01    8.24769e+00
     Coulomb-14        LJ (SR)   Coulomb (SR)   Coul. recip.      Potential
    1.89780e+02   -1.90999e+00   -3.28584e+02    1.16798e+01    3.03689e+01
    Kinetic En.   Total Energy  Conserved En.    Temperature Pressure (bar)
    5.29210e+01    8.32899e+01    1.95531e+02    2.65206e+02   -1.92037e+01
   Constr. rmsd
    1.98955e-06

           Step           Time
          65000      130.00000

   Energies (kJ/mol)
           Bond          Angle    Proper Dih. Per. Imp. Dih.          LJ-14
    2.31475e+01    5.43713e+01    7.31600e+01    4.56602e+00    1.16270e+01
     Coulomb-14        LJ (SR)   Coulomb (SR)   Coul. recip.      Potential
    1.73173e+02   -3.48074e+00   -3.19304e+02    1.05661e+01    2.78263e+01
    Kinetic En.   Total Energy  Conserved En.    Temperature Pressure (bar)
    8.76550e+01    1.15481e+02    2.01579e+02    4.39270e+02   -2.35525e+01
   Constr. rmsd
    6.30411e-06

           Step           Time
          70000      140.00000

   Energies (kJ/mol)
           Bond          Angle    Proper Dih. Per. Imp. Dih.          LJ-14
    8.05630e+00    5.99357e+01    7.90701e+01    6.95843e+00    1.20508e+01
     Coulomb-14        LJ (SR)   Coulomb (SR)   Coul. recip.      Potential
    1.76005e+02    5.54624e+00   -3.19910e+02    9.93337e+00    3.76454e+01
    Kinetic En.   Total Energy  Conserved En.    Temperature Pressure (bar)
    7.42065e+01    1.11852e+02    2.05013e+02    3.71875e+02    1.97599e+02
   Constr. rmsd
    2.40058e-06

           Step           Time
          75000      150.00000

   Energies (kJ/mol)
           Bond          Angle    Proper Dih. Per. Imp. Dih.          LJ-14
    1.89008e+01    5.01300e+01    7.85289e+01    2.09044e+00    9.09089e+00
     Coulomb-14        LJ (SR)   Coulomb (SR)   Coul. recip.      Potential
    1.58849e+02   -1.46512e-01   -3.04119e+02    1.23262e+01    2.56511e+01
    Kinetic En.   Total Energy  Conserved En.    Temperature Pressure (bar)
    4.42984e+01    6.99494e+01    2.15655e+02    2.21994e+02    2.33435e+01
   Constr. rmsd
    1.55449e-06

           Step           Time
          80000      160.00000

   Energies (kJ/mol)
           Bond          Angle    Proper Dih. Per. Imp. Dih.          LJ-14
    1.29514e+01    6.43694e+01    7.29581e+01    2.46764e+00    9.69750e+00
     Coulomb-14        LJ (SR)   Coulomb (SR)   Coul. recip.      Potential
    1.67263e+02   -3.66792e+00   -3.11682e+02    1.05468e+01    2.49041e+01
    Kinetic En.   Total Energy  Conserved En.    Temperature Pressure (bar)
    5.84607e+01    8.33648e+01    2.17567e+02    2.92967e+02   -1.38036e+02
   Constr. rmsd
    2.74586e-06

           Step           Time
          85000      170.00000

   Energies (kJ/mol)
           Bond          Angle    Proper Dih. Per. Imp. Dih.          LJ-14
    6.13865e+00    6.75359e+01    7.84026e+01    1.05549e+00    1.03931e+01
     Coulomb-14        LJ (SR)   Coulomb (SR)   Coul. recip.      Potential
    1.89095e+02   -4.16113e+00   -3.28573e+02    9.73936e+00    2.96257e+01
    Kinetic En.   Total Energy  Conserved En.    Temperature Pressure (bar)
    6.31503e+01    9.27760e+01    2.24985e+02    3.16468e+02   -5.02737e+01
   Constr. rmsd
    5.56453e-06

           Step           Time
          90000      180.00000

   Energies (kJ/mol)
           Bond          Angle    Proper Dih. Per. Imp. Dih.          LJ-14
    7.09526e+00    6.09913e+01    7.42545e+01    1.24173e+00    8.43356e+00
     Coulomb-14        LJ (SR)   Coulomb (SR)   Coul. recip.      Potential
    1.95568e+02   -1.39880e+00   -3.27039e+02    1.02976e+01    2.94442e+01
    Kinetic En.   Total Energy  Conserved En.    Temperature Pressure (bar)
    4.66376e+01    7.60818e+01    2.26304e+02    2.33717e+02   -9.85225e+01
   Constr. rmsd
    1.06929e-06

           Step           Time
          95000      190.00000

   Energies (kJ/mol)
           Bond          Angle    Proper Dih. Per. Imp. Dih.          LJ-14
    1.65504e+01    4.68154e+01    6.95000e+01    7.58970e-01    1.27335e+01
     Coulomb-14        LJ (SR)   Coulomb (SR)   Coul. recip.      Potential
    1.89081e+02    2.71396e+00   -3.30909e+02    1.00481e+01    1.72917e+01
    Kinetic En.   Total Energy  Conserved En.    Temperature Pressure (bar)
    8.00922e+01    9.73838e+01    2.32876e+02    4.01370e+02    1.32017e+02
   Constr. rmsd
    7.67491e-06

           Step           Time
         100000      200.00000

Writing checkpoint, step 100000 at Mon Oct 13 17:33:03 2025


   Energies (kJ/mol)
           Bond          Angle    Proper Dih. Per. Imp. Dih.          LJ-14
    7.03256e+00    4.95877e+01    7.19096e+01    4.66683e+00    9.89904e+00
     Coulomb-14        LJ (SR)   Coulomb (SR)   Coul. recip.      Potential
    1.81736e+02   -2.76201e+00   -3.24796e+02    1.01927e+01    7.46696e+00
    Kinetic En.   Total Energy  Conserved En.    Temperature Pressure (bar)
    6.68706e+01    7.43376e+01    2.35203e+02    3.35112e+02    4.36850e+01
   Constr. rmsd
    3.93500e-06


Energy conservation over simulation part #1 of length 200 ps, time 0 to 200 ps
  Conserved energy drift: 4.33e-02 kJ/mol/ps per atom


	<======  ###############  ==>
	<====  A V E R A G E S  ====>
	<==  ###############  ======>

	Statistics over 100001 steps using 1001 frames

   Energies (kJ/mol)
           Bond          Angle    Proper Dih. Per. Imp. Dih.          LJ-14
    1.31410e+01    5.47274e+01    7.68982e+01    2.72114e+00    1.10867e+01
     Coulomb-14        LJ (SR)   Coulomb (SR)   Coul. recip.      Potential
    1.83465e+02   -1.94029e-02   -3.25810e+02    1.02490e+01    2.64595e+01
    Kinetic En.   Total Energy  Conserved En.    Temperature Pressure (bar)
    6.04636e+01    8.69231e+01    1.82287e+02    3.03004e+02    1.14891e+00
   Constr. rmsd
    0.00000e+00

   Total Virial (kJ/mol)
    2.11672e+01   -3.69966e-01    4.44069e-01
   -3.69970e-01    1.59538e+01   -8.07173e+00
    4.44054e-01   -8.07174e+00    2.12503e+01

   Pressure (bar)
   -1.14476e+00   -2.14240e+00   -2.18591e-01
   -2.14240e+00    9.26951e+00    1.22634e+01
   -2.18566e-01    1.22634e+01   -4.67802e+00


	M E G A - F L O P S   A C C O U N T I N G

 NB=Group-cutoff nonbonded kernels    NxN=N-by-N cluster Verlet kernels
 RF=Reaction-Field  VdW=Van der Waals  QSTab=quadratic-spline table
 W3=SPC/TIP3p  W4=TIP4p (single or pairs)
 V&F=Potential and force  V=Potential only  F=Force only

 Computing:                               M-Number         M-Flops  % Flops
-----------------------------------------------------------------------------
 Pair Search distance check              21.979302         197.814     0.1
 NxN Ewald Elec. + LJ [F]                32.472000        2143.152     0.7
 NxN Ewald Elec. + LJ [V&F]               0.328328          35.131     0.0
 NxN Ewald Elec. [F]                      0.792000          48.312     0.0
 NxN Ewald Elec. [V&F]                    0.008008           0.673     0.0
 1,4 nonbonded interactions               4.100041         369.004     0.1
 Calc Weights                             6.600066         237.602     0.1
 Spread Q Bspline                       140.801408         281.603     0.1
 Gather F Bspline                       140.801408         844.808     0.3
 3D-FFT                               38029.780294      304238.242    96.9
 Solve PME                               57.600576        3686.437     1.2
 Reset In Box                             2.200022           6.600     0.0
 CG-CoM                                   2.200044           6.600     0.0
 Bonds                                    0.900009          53.101     0.0
 Angles                                   3.600036         604.806     0.2
 Propers                                  3.800038         870.209     0.3
 Impropers                                0.400004          83.201     0.0
 Virial                                   0.067067           1.207     0.0
 Stop-CM                                  0.002244           0.022     0.0
 Calc-Ekin                                2.200044          59.401     0.0
 Lincs                                    1.200036          72.002     0.0
 Lincs-Mat                               10.800324          43.201     0.0
 Constraint-V                             2.400048          21.600     0.0
 Constraint-Vir                           0.012012           0.288     0.0
-----------------------------------------------------------------------------
 Total                                                  313905.017   100.0
-----------------------------------------------------------------------------


    D O M A I N   D E C O M P O S I T I O N   S T A T I S T I C S

 av. #atoms communicated per step for force:  2 x 0.0


     R E A L   C Y C L E   A N D   T I M E   A C C O U N T I N G

On 1 MPI rank

 Computing:          Num   Num      Call    Wall time         Giga-Cycles
                     Ranks Threads  Count      (s)         total sum    %
-----------------------------------------------------------------------------
 Domain decomp.         1    1     100001       0.561          0.013   4.2
 Neighbor search        1    1     100001       0.165          0.004   1.2
 Force                  1    1     100001       0.854          0.021   6.4
 PME mesh               1    1     100001      11.465          0.275  85.3
 NB X/F buffer ops.     1    1     100001       0.003          0.000   0.0
 Write traj.            1    1        101       0.005          0.000   0.0
 Update                 1    1     100001       0.009          0.000   0.1
 Constraints            1    1     100003       0.035          0.001   0.3
 Rest                                           0.345          0.008   2.6
-----------------------------------------------------------------------------
 Total                                         13.441          0.323 100.0
-----------------------------------------------------------------------------
 Breakdown of PME mesh computation
-----------------------------------------------------------------------------
 PME spread             1    1     100001       0.534          0.013   4.0
 PME gather             1    1     100001       0.484          0.012   3.6
 PME 3D-FFT             1    1     200002       9.473          0.227  70.5
 PME solve Elec         1    1     100001       0.969          0.023   7.2
-----------------------------------------------------------------------------

               Core t (s)   Wall t (s)        (%)
       Time:       13.441       13.441      100.0
                 (ns/day)    (hour/ns)
Performance:     1285.603        0.019
Finished mdrun on rank 0 Mon Oct 13 17:33:03 2025

PLUMED:                                               Cycles        Total      Average      Minimum      Maximum
PLUMED:                                                    1     0.834910     0.834910     0.834910     0.834910
PLUMED: 1 Prepare dependencies                        100001     0.014447     0.000000     0.000000     0.000013
PLUMED: 2 Sharing data                                100001     0.010034     0.000000     0.000000     0.000012
PLUMED: 3 Waiting for data                            100001     0.002926     0.000000     0.000000     0.000043
PLUMED: 4 Calculating (forward loop)                  100001     0.409025     0.000004     0.000004     0.000561
PLUMED: 5 Applying (backward loop)                    100001     0.108170     0.000001     0.000001     0.000144
PLUMED: 6 Update                                      100001     0.015740     0.000000     0.000000     0.000244
